Host: studgpu-node01.inf.ethz.ch
[INFO] Page 1: https://www.learningdisabilityservice-leeds.nhs.uk/easy-on-the-i/image-bank/
[SKIP] 1.30-1.png already exists
[SKIP] 1-hour.png already exists
[SKIP] 1-in-10-women.png already exists
[SKIP] 1-o-clock.png already exists
[SKIP] 1-pound-NEW-2017-1.png already exists
[SKIP] 1-to-1-meeting.png already exists
[SKIP] 1-week.png already exists
[SKIP] 1-woodland-square.png already exists
[SKIP] 10.00-oclock.png already exists
[SKIP] 10.30-AM.png already exists
[SKIP] 10.30-PM.png already exists
[SKIP] 10-minutes.png already exists
[SKIP] 10-pence.png already exists
[SKIP] 10-pounds.png already exists
[SKIP] 11.00-AM.png already exists
[SKIP] 11.00-oclock.png already exists
[SKIP] 12.00-oclock.png already exists
[SKIP] 12-months.png already exists
[SKIP] 14-days.png already exists
[SKIP] 15.30-oclock.png already exists
[SKIP] 15-minutes.png already exists
[SKIP] wash-hair.png already exists
[SKIP] 3-years.png already exists
[SKIP] Isolation-ward.png already exists
[SKIP] 2.30pm.png already exists
[SKIP] 2-doctors.png already exists
[SKIP] 2-minutes-1.png already exists
[SKIP] 2-months.png already exists
[SKIP] 2-pound.png already exists
[SKIP] 2-woodland-square-V2.png already exists
[INFO] Page 2: https://www.learningdisabilityservice-leeds.nhs.uk/easy-on-the-i/image-bank/page/2/
[SKIP] 20-minutes.png already exists
[SKIP] 20-pence.png already exists
[SKIP] 20-pounds.png already exists
[SKIP] 3-days.png already exists
[OK] Saved 3-hours.png
[OK] Saved 3-minutes.png
[OK] Saved 3-o-clock.png
[OK] Saved 3-small-meals.png
[OK] Saved 3-weeks.png
[OK] Saved 3-woodland-square-V2.png
[OK] Saved 30-minutes.png
[OK] Saved 35-days.png
[OK] Saved 37-hour-week.png
[OK] Saved 4.00pm.png
[OK] Saved 4.30.png
[OK] Saved 4-hours.png
[OK] Saved 4-weeks.png
[OK] Saved 5.00-o-clock.png
[OK] Saved 5-a-day.png
[OK] Saved 5-minutes.png
[OK] Saved 5-pounds.png
[OK] Saved 5-woodland-square-V2.png
[OK] Saved 5-woodland-square-V3.png
[OK] Saved 50-pence.png
[OK] Saved 6.00-o’clock.png
[OK] Saved 6.30.png
[OK] Saved 6-months.png
[OK] Saved 6-weeks.png
[INFO] Page 3: https://www.learningdisabilityservice-leeds.nhs.uk/easy-on-the-i/image-bank/page/3/
[OK] Saved 65-and-over.png
[OK] Saved 65-and-over-1-1.png
[OK] Saved 7.00-oclock.png
[OK] Saved 7.30.png
[OK] Saved 7-days.png
[OK] Saved 7-days-before-holiday.png
[OK] Saved 7-hours-1.png
[OK] Saved 8.00-o-clock.png
[OK] Saved 8.00-pm.png
[OK] Saved 8.30-am.png
[OK] Saved 8.40-am.png
[OK] Saved 8.45-am.png
[OK] Saved 9.00.png
[OK] Saved 9.00-o’clock.png
[OK] Saved 9.15.png
[OK] Saved 9.15-am.png
[OK] Saved 9.30.png
[OK] Saved 9.45.png
[OK] Saved 9-months-1.png
[OK] Saved 9-pounds.png
[OK] Saved a-normal-swallow.png
[OK] Saved abbreviation.png
[OK] Saved about-everybody.png
[OK] Saved about-me.png
[OK] Saved about-me-V2.png
[OK] Saved about-me-woman.png
[OK] Saved about-me-woman-V2.png
[OK] Saved about-us.png
[OK] Saved about-us-V2.png
[OK] Saved about-us-V3.png
[INFO] Page 4: https://www.learningdisabilityservice-leeds.nhs.uk/easy-on-the-i/image-bank/page/4/
[OK] Saved about-you.png
[OK] Saved acceptable-dosage.png
[OK] Saved access.png
[OK] Saved access-2.png
[OK] Saved accessible-changing-room-ventures.png
[OK] Saved accessible-entrance.png
[OK] Saved accessible-entrance-push-to-open-button.png
[OK] Saved accessible-information-standard.png
[OK] Saved accessible-information-standard-V2-1.png
[OK] Saved accessible-information-standard-V3.png
[OK] Saved accessible-information-standard-1.png
[OK] Saved accessible-information-standard-V5-1.png
[OK] Saved accessible-room.png
[OK] Saved accessible-to-wheelchair-users.png
[OK] Saved accessible-toilet.png
[OK] Saved accessible-toilet-cubicles.png
[OK] Saved accident-and-emergency.png
[OK] Saved accident-and-emergency-V2-1.png
[OK] Saved account-number.png
[OK] Saved aches-and-pains.png
[OK] Saved achieve-your-goals.png
[OK] Saved aching.png
[OK] Saved aching-V2.png
[OK] Saved aching-V3.png
[OK] Saved aching-V4.png
[OK] Saved acid-reflux.png
[OK] Saved acting-differently.png
[OK] Saved action-plan.png
[OK] Saved action-plan-2.png
[INFO] Page 5: https://www.learningdisabilityservice-leeds.nhs.uk/easy-on-the-i/image-bank/page/5/
[OK] Saved activities.png
[OK] Saved activities-for-2-weeks-1.png
[OK] Saved activities-V2.png
[OK] Saved acute-kidney-injury.png
[OK] Saved adapted-bikes.png
[OK] Saved adapted-cycles.png
[OK] Saved address.png
[OK] Saved address-and-telephone.png
[OK] Saved address-for-3-days.png
[OK] Saved address-for-7-day-or-longer.png
[OK] Saved address-V2.png
[OK] Saved administration-staff.png
[OK] Saved administration-staff-V2.png
[OK] Saved adult-education.png
[OK] Saved adult-signing-to-child.png
[OK] Saved adult-social-care.png
[OK] Saved adult-social-care-feedback.png
[OK] Saved advice.png
[OK] Saved advice-about-condoms.png
[OK] Saved advice-from-a-desk.png
[OK] Saved advice-on-footwear.png
[OK] Saved advice-with-bubble.png
[OK] Saved advice-with-bubble-with-chair.png
[OK] Saved advocacy.png
[OK] Saved advocacy-V2.png
[OK] Saved advocacy-V3.png
[OK] Saved aerobics.png
[OK] Saved after-your-appointment.png
[OK] Saved afternoon.png
[INFO] Page 6: https://www.learningdisabilityservice-leeds.nhs.uk/easy-on-the-i/image-bank/page/6/
[OK] Saved age-range.png
[OK] Saved age-range-18-65.png
[OK] Saved age-range-25.png
[OK] Saved age-range-60.png
[OK] Saved age-range-60-V2.png
[OK] Saved agenda.png
[OK] Saved aggressive.png
[OK] Saved aggressive-V2.png
[OK] Saved AGM-1.png
[OK] Saved agree.png
[OK] Saved agree-V2.png
[OK] Saved agreed.png
[OK] Saved aiming-at-the-toilet.png
[OK] Saved alcohol.png
[OK] Saved alcohol-handrub.png
[OK] Saved all-ages.png
[OK] Saved all-right-2.png
[OK] Saved all-right-3.png
[OK] Saved allergies.png
[OK] Saved ambulance.png
[OK] Saved ambulance-call-takers.png
[OK] Saved ambulance-care-assistants.png
[OK] Saved ambulance-fast-response.png
[OK] Saved ambulance-first-response.png
[OK] Saved ambulance-health-advisor.png
[OK] Saved ambulance-technicians.png
[OK] Saved ambulance.-wave-at-the-ambulance.png
[OK] Saved amount-of-money.png
[OK] Saved amusement-arcade.png
[INFO] Page 7: https://www.learningdisabilityservice-leeds.nhs.uk/easy-on-the-i/image-bank/page/7/
[OK] Saved anesthetic-room.png
[OK] Saved angina.png
[OK] Saved angry.png
[OK] Saved angry-2.png
[OK] Saved animals.png
[OK] Saved ankle-rotation-circles-seated-V2.png
[OK] Saved ankle-rotation-seated.png
[OK] Saved annual-health-check.png
[OK] Saved anonymous.png
[OK] Saved answer.png
[OK] Saved answer-this-questionnaire.png
[OK] Saved antibiotics-tablets-and-intravenous-medication.png
[OK] Saved anxious.png
[OK] Saved any-questions.png
[OK] Saved anything-else-2.png
[OK] Saved apple.png
[OK] Saved applying-sun-cream.png
[OK] Saved applying-sun-cream-2.png
[OK] Saved appointment.png
[OK] Saved apprentice-clinical-support-worker-uniform.png
[INFO] Page 8: https://www.learningdisabilityservice-leeds.nhs.uk/easy-on-the-i/image-bank/page/8/
[OK] Saved apron-on.png
[OK] Saved apron-on-man.png
[OK] Saved apron-on-V2.png
[OK] Saved apron-on-V3.png
[OK] Saved aqua-aerobics.png
[OK] Saved arm-in-plaster-cast.png
[OK] Saved arrive-at-3-woodland-square.png
[OK] Saved art.png
[OK] Saved art-and-craft.png
[OK] Saved ask-a-question-to-doctor.png
[OK] Saved ask-a-question-to-doctor-V3.png
[OK] Saved ask-for-information.png
[OK] Saved ask-questions.png
[SKIP] any-questions.png already exists
[OK] Saved ask-questions-3.png
[INFO] Page 9: https://www.learningdisabilityservice-leeds.nhs.uk/easy-on-the-i/image-bank/page/9/
[OK] Saved ask-you-doctors-question.png
[OK] Saved ask-you-what-you-think.png
[OK] Saved asked-to-come.png
[OK] Saved assessment-and-referral-team.png
[OK] Saved assessment-behind-table.png
[OK] Saved assistant-practitioner-uniform.png
[OK] Saved aubergine.png
[OK] Saved audio-in-room.png
[OK] Saved autumn.png
[OK] Saved awards.png
[OK] Saved baby.png
[INFO] Page 10: https://www.learningdisabilityservice-leeds.nhs.uk/easy-on-the-i/image-bank/page/10/
[OK] Saved baby-V2.png
[OK] Saved bacon.png
[OK] Saved bad-Information.png
[OK] Saved bad-Information-V2.png
[OK] Saved bad-teeth.png
[OK] Saved baking.png
[OK] Saved baking-powder.png
[OK] Saved band.png
[OK] Saved bandage-ankle.png
[INFO] Page 11: https://www.learningdisabilityservice-leeds.nhs.uk/easy-on-the-i/image-bank/page/11/
[OK] Saved barn-dance.png
[INFO] Page 12: https://www.learningdisabilityservice-leeds.nhs.uk/easy-on-the-i/image-bank/page/12/
[OK] Saved being-well-2.png
[OK] Saved big-portions-of-food.png
[INFO] Page 13: https://www.learningdisabilityservice-leeds.nhs.uk/easy-on-the-i/image-bank/page/13/
[OK] Saved blood-bag.png
[OK] Saved blood-vials.png
[INFO] Page 14: https://www.learningdisabilityservice-leeds.nhs.uk/easy-on-the-i/image-bank/page/14/
[OK] Saved bone-biopsy-needle-coming-out-1.png
[OK] Saved bone-biopsy-needle-going-in-1.png
[OK] Saved bone-biopsy-x-ray-room-2.png
[INFO] Page 15: https://www.learningdisabilityservice-leeds.nhs.uk/easy-on-the-i/image-bank/page/15/
[OK] Saved bottom-bleeding.png
[OK] Saved boyfriend-and-girlfriend-V2.png
[INFO] Page 16: https://www.learningdisabilityservice-leeds.nhs.uk/easy-on-the-i/image-bank/page/16/
[OK] Saved breathlessness-when-walking.png
[OK] Saved burning-rash.png
[INFO] Page 17: https://www.learningdisabilityservice-leeds.nhs.uk/easy-on-the-i/image-bank/page/17/
[OK] Saved burp.png
[OK] Saved by-post.png
[OK] Saved by-post-2.png
[OK] Saved cafe.png
[OK] Saved cake.png
[OK] Saved calling-about-the-patient.png
[OK] Saved calliper.png
[OK] Saved calm.png
[OK] Saved campaign.png
[OK] Saved campaign-V2.png
[OK] Saved candy-canes.png
[OK] Saved cannula-medicine-going-in.png
[OK] Saved cannula-on-back-of-hand.png
[INFO] Page 18: https://www.learningdisabilityservice-leeds.nhs.uk/easy-on-the-i/image-bank/page/18/
[OK] Saved cannula-with-fluids.png
[OK] Saved cap.png
[OK] Saved car.png
[OK] Saved car-accident.png
[OK] Saved caravan.png
[OK] Saved care.png
[OK] Saved care-at-home.png
[OK] Saved care-coordinator-V2.png
[OK] Saved care-coordinator-without-desk.png
[INFO] Page 19: https://www.learningdisabilityservice-leeds.nhs.uk/easy-on-the-i/image-bank/page/19/
[OK] Saved care-home.png
[OK] Saved care-manager-NHS.png
[OK] Saved care-manager-NHS-V2.png
[OK] Saved care-pathway.png
[OK] Saved care-plan.png
[OK] Saved care-plan-in-an-emergency.png
[OK] Saved care-plan-V2.png
[OK] Saved care-planning.png
[OK] Saved care-planning-V2.png
[OK] Saved care-program-approach.png
[OK] Saved care-quality-commission.png
[OK] Saved cared-for-safely.png
[OK] Saved carer.png
[OK] Saved carer-can-ask-for-flu-vaccination.png
[OK] Saved carers-team.png
[OK] Saved caring-for-service-users.png
[OK] Saved carol-singing.png
[OK] Saved cat.png
[OK] Saved catch-a-bus.png
[OK] Saved catheter.png
[OK] Saved catheter-V2.png
[INFO] Page 20: https://www.learningdisabilityservice-leeds.nhs.uk/easy-on-the-i/image-bank/page/20/
[OK] Saved cd.png
[OK] Saved cd-and-tape.png
[OK] Saved chair.png
[OK] Saved chair-based-exercise.png
[OK] Saved chair-push-ups-exercise.png
[OK] Saved challenges.png
[OK] Saved challenges-V2.png
[OK] Saved change-of-address.png
[OK] Saved check-eye.png
[OK] Saved checking.png
[OK] Saved checking-kitchen-appliances.png
[OK] Saved checking-your-testicles.png
[OK] Saved checklist.png
[OK] Saved chemotherapy.png
[INFO] Page 21: https://www.learningdisabilityservice-leeds.nhs.uk/easy-on-the-i/image-bank/page/21/
[OK] Saved chest-examination.png
[OK] Saved chest-pain.png
[OK] Saved chest-pain-V2-male.png
[OK] Saved children.png
[OK] Saved children-asian.png
[OK] Saved children-over-3-years.png
[OK] Saved chinese-new-year.png
[OK] Saved chocolate-money.png
[OK] Saved choice-of-venue.png
[OK] Saved choice-2.png
[OK] Saved choice-V5.png
[INFO] Page 22: https://www.learningdisabilityservice-leeds.nhs.uk/easy-on-the-i/image-bank/page/22/
[OK] Saved choke.png
[OK] Saved choking-with-mouth-full.png
[OK] Saved cholesterol-V2.png
[OK] Saved choose.png
[OK] Saved choose-colour.png
[OK] Saved choose-colour-V2.png
[OK] Saved choose-colour-V3.png
[OK] Saved choose-report.png
[OK] Saved choose-V2.png
[OK] Saved choosing-NO.png
[OK] Saved choosing-NO-V2.png
[OK] Saved choosing-YES.png
[OK] Saved choosing-YES-V2.png
[OK] Saved christian.png
[OK] Saved christmas.png
[OK] Saved christmas-cards.png
[INFO] Page 23: https://www.learningdisabilityservice-leeds.nhs.uk/easy-on-the-i/image-bank/page/23/
[OK] Saved christmas-decorations.png
[OK] Saved church.png
[OK] Saved cinema.png
[OK] Saved cities.png
[OK] Saved clarendon-wing-hospital.png
[OK] Saved clean-bedroom-with-help-from-staff.png
[OK] Saved clean-hands.png
[OK] Saved clean-laundry.png
[OK] Saved clean-laundry-V2.png
[OK] Saved clean-sink.png
[OK] Saved cleaning.png
[OK] Saved cleaning-materials-stored-safely.png
[OK] Saved cleaning-room.png
[INFO] Page 24: https://www.learningdisabilityservice-leeds.nhs.uk/easy-on-the-i/image-bank/page/24/
[OK] Saved clear-bottle.png
[OK] Saved cling-film.png
[OK] Saved clinical-care-assistants.png
[OK] Saved clinical-commissioning-groups.png
[OK] Saved clinical-commissioning-groups-V2.png
[OK] Saved clinical-nurse-specialist-clinical-educator-uniform-NON-WARD-STAFF.png
[OK] Saved clinical-support-worker-uniform.png
[OK] Saved clinical-waste-bag.png
[OK] Saved clip-nails.png
[OK] Saved clip-toenail.png
[OK] Saved close-curtains.png
[OK] Saved clothes.png
[OK] Saved coach.png
[OK] Saved code-of-practice.png
[OK] Saved coffee.png
[OK] Saved coffee-and-cake.png
[INFO] Page 25: https://www.learningdisabilityservice-leeds.nhs.uk/easy-on-the-i/image-bank/page/25/
[OK] Saved colander.png
[OK] Saved cold-drink-coke-cola.png
[OK] Saved cold-V3.png
[OK] Saved college.png
[OK] Saved come-to-every-session.png
[OK] Saved comforted-when-upset.png
[OK] Saved comment-compliment-or-complain.png
[OK] Saved comments.png
[OK] Saved communication.png
[OK] Saved Health-passport.png
[OK] Saved Health-passport-2.png
[OK] Saved communication-V3.png
[OK] Saved community.png
[OK] Saved community-dietitians.png
[OK] Saved community-learning-disability-team.png
[OK] Saved community-nurse.png
[INFO] Page 26: https://www.learningdisabilityservice-leeds.nhs.uk/easy-on-the-i/image-bank/page/26/
[OK] Saved community-occupational-therapist.png
[OK] Saved community-physio.png
[OK] Saved community-review.png
[OK] Saved Complain.png
[OK] Saved complain-V2.png
[OK] Saved complex-multiple-impairment-team.png
[OK] Saved computer.png
[OK] Saved computer-monitor.png
[OK] Saved concerned.png
[OK] Saved concerns.png
[OK] Saved condom.png
[OK] Saved condom-dispose-of-condom-after-use.png
[OK] Saved condom-on-erection.png
[OK] Saved confidential.png
[INFO] Page 27: https://www.learningdisabilityservice-leeds.nhs.uk/easy-on-the-i/image-bank/page/27/
[OK] Saved confidential-V2.png
[OK] Saved confused.png
[OK] Saved consent.png
[OK] Saved consent-V2.png
[OK] Saved consistent.png
[OK] Saved contact.png
[OK] Saved contact-number.png
[OK] Saved contact-V2.png
[OK] Saved contingency-second-plan.png
[OK] Saved contingency-second-plan-V2.png
[OK] Saved contraception.png
[OK] Saved contraception-implant-or-rod.png
[OK] Saved contraception-implant-taken-out.png
[OK] Saved cooking.png
[OK] Saved cooking-dish.png
[INFO] Page 28: https://www.learningdisabilityservice-leeds.nhs.uk/easy-on-the-i/image-bank/page/28/
[OK] Saved cooling-rack.png
[OK] Saved coronvirus-first-vaccine.png
[OK] Saved coronvirus-second-vaccine.png
[OK] Saved coronvirus-second-vaccine-1.png
[OK] Saved coronvirus-third-vaccine.png
[OK] Saved cottage.png
[OK] Saved coughing.png
[OK] Saved coughing-up-blood.png
[OK] Saved could-die.png
[OK] Saved could-die-v2.png
[OK] Saved counselling.png
[OK] Saved couple-asian.png
[OK] Saved court.png
[OK] Saved court-requirements.png
[OK] Saved courtyard.png
[INFO] Page 29: https://www.learningdisabilityservice-leeds.nhs.uk/easy-on-the-i/image-bank/page/29/
[OK] Saved CQC-Key-lines-of-enquiry-CARING.png
[OK] Saved CQC-Key-lines-of-enquiry-EFFECTIVE.png
[OK] Saved criminal-past-V2.png
[INFO] Page 30: https://www.learningdisabilityservice-leeds.nhs.uk/easy-on-the-i/image-bank/page/30/
[OK] Saved cross-your-legs.png
[OK] Saved cut.png
[OK] Saved damage-to-the-kidney.png
[INFO] Page 31: https://www.learningdisabilityservice-leeds.nhs.uk/easy-on-the-i/image-bank/page/31/
[OK] Saved delete-internet-history-DO-NOT.png
[OK] Saved dementia.png
[OK] Saved dentist.png
[OK] Saved depo-medication.png
[OK] Saved depressed-V2.png
[OK] Saved design-ideas.png
[OK] Saved design-ideas-v2.png
[OK] Saved desk.png
[OK] Saved diabetes.png
[OK] Saved diabetes-care.png
[OK] Saved diabetes-care-V2.png
[OK] Saved diabetes-training.png
[OK] Saved diabetes-V2.png
[OK] Saved diabetic-eye-retinopathy.png
[INFO] Page 32: https://www.learningdisabilityservice-leeds.nhs.uk/easy-on-the-i/image-bank/page/32/
[OK] Saved dialysis.png
[OK] Saved diarrhoea.png
[OK] Saved dieticians.png
[OK] Saved dietitians-V2.png
[OK] Saved difficult-reading.png
[OK] Saved difficult-reading-V2.png
[OK] Saved difficult-urinating.png
[OK] Saved difficulty-walking-for-65-and-over.png
[OK] Saved digital-clock-22.30am.png
[OK] Saved digital-clocks-21.00-pm.png
[OK] Saved direct-payment.png
[OK] Saved dirty-hands.png
[OK] Saved dirty-laundry.png
[OK] Saved dirty-linen.png
[OK] Saved disabled-parking.png
[INFO] Page 33: https://www.learningdisabilityservice-leeds.nhs.uk/easy-on-the-i/image-bank/page/33/
[OK] Saved discharge.png
[OK] Saved dislike.png
[OK] Saved display-photos-on-computer.png
[OK] Saved distress-1.png
[OK] Saved distress-V2-1.png
[OK] Saved diversity.png
[OK] Saved dizzy.png
[OK] Saved dizzy-2.png
[OK] Saved do-not-bend-over.png
[OK] Saved do-not-cross-your-legs.png
[OK] Saved do-not-do-any-strenuous-exercise-before-bedtime.png
[OK] Saved do-not-drink-alcohol.png
[OK] Saved do-not-lift-someone.png
[OK] Saved do-not-lift-your-knee-above-your-hip.png
[OK] Saved do-not-twist.png
[INFO] Page 34: https://www.learningdisabilityservice-leeds.nhs.uk/easy-on-the-i/image-bank/page/34/
[OK] Saved doctor-and-nurse.png
[OK] Saved doctor-and-nurse-V2.png
[OK] Saved doctors-action-plan.png
[OK] Saved doctors-office.png
[OK] Saved doctors-opening-time.png
[OK] Saved doctors-V2.png
[OK] Saved doctors-V4.png
[OK] Saved doctors-V5.png
[OK] Saved doctors-V6.png
[OK] Saved document-support.png
[OK] Saved dog.png
[INFO] Page 35: https://www.learningdisabilityservice-leeds.nhs.uk/easy-on-the-i/image-bank/page/35/
[OK] Saved doing-too-little-exercise.png
[OK] Saved don’t-know-2.png
[OK] Saved don’t-understand-capital-letters.png
[OK] Saved don’t-understand-capital-letters-V2.png
[OK] Saved don’t-understand-capital-letters-V3.png
[INFO] Page 36: https://www.learningdisabilityservice-leeds.nhs.uk/easy-on-the-i/image-bank/page/36/
[OK] Saved ear-drum.png
[OK] Saved ear-microscope.png
[OK] Saved ears-make-funny-noises.png
[OK] Saved ears-nose-and-throat-specialist-V2.png
[OK] Saved ears-wax.png
[OK] Saved ears-wax-in-hearing-aid.png
[INFO] Page 37: https://www.learningdisabilityservice-leeds.nhs.uk/easy-on-the-i/image-bank/page/37/
[OK] Saved easy-read-V3.png
[OK] Saved easy-to-think.png
[INFO] Page 38: https://www.learningdisabilityservice-leeds.nhs.uk/easy-on-the-i/image-bank/page/38/
[OK] Saved evening.png
[OK] Saved exercise-pulled-muscle.png
[OK] Saved exercise-pulled-muscle-back.png
[INFO] Page 39: https://www.learningdisabilityservice-leeds.nhs.uk/easy-on-the-i/image-bank/page/39/
[OK] Saved eye-test.png
[OK] Saved eye-test-chin-and-forehead-down.png
[OK] Saved eye-test-look-down.png
[OK] Saved eye-test-look-forward.png
[OK] Saved eye-test-look-left.png
[OK] Saved eye-test-look-right.png
[OK] Saved eye-test-look-up.png
[OK] Saved eyes.png
[INFO] Page 40: https://www.learningdisabilityservice-leeds.nhs.uk/easy-on-the-i/image-bank/page/40/
[OK] Saved feedback-to-government.png
[OK] Saved feel-ill-again.png
[OK] Saved feel-ill-again-V2.png
[OK] Saved feel-worse.png
[INFO] Page 41: https://www.learningdisabilityservice-leeds.nhs.uk/easy-on-the-i/image-bank/page/41/
[INFO] Page 42: https://www.learningdisabilityservice-leeds.nhs.uk/easy-on-the-i/image-bank/page/42/
[INFO] Page 43: https://www.learningdisabilityservice-leeds.nhs.uk/easy-on-the-i/image-bank/page/43/
[OK] Saved flu-V4.png
[OK] Saved foil.png
[OK] Saved food.png
[OK] Saved food-and-drink.png
[OK] Saved food-chart.png
[INFO] Page 44: https://www.learningdisabilityservice-leeds.nhs.uk/easy-on-the-i/image-bank/page/44/
[OK] Saved food-tasting.png
[OK] Saved food-timer.png
[OK] Saved food-timer-V2.png
[OK] Saved foot-amputation.png
[OK] Saved foot-bath.png
[OK] Saved foot-infection.png
[OK] Saved foot-ulcer.png
[OK] Saved football-match.png
[OK] Saved forget.png
[OK] Saved forget-medication.png
[OK] Saved forget-medication-V2.png
[OK] Saved forget-medication-V3.png
[OK] Saved forget-something.png
[OK] Saved fork.png
[OK] Saved free-of-charge.png
[OK] Saved FreeStyle-stick-to-your-skin-applicatore-back-of-arm-1.png
[OK] Saved FreeStyle-stick-to-your-skin-V2-1.png
[INFO] Page 45: https://www.learningdisabilityservice-leeds.nhs.uk/easy-on-the-i/image-bank/page/45/
[OK] Saved friday.png
[OK] Saved friend-V2.png
[OK] Saved friend-V3.png
[OK] Saved friendly-face.png
[OK] Saved friendly-staff-V2.png
[OK] Saved fruit.png
[OK] Saved fruit-2.png
[OK] Saved fulfilling-lives.png
[OK] Saved funeral.png
[OK] Saved funeral-service.png
[INFO] Page 46: https://www.learningdisabilityservice-leeds.nhs.uk/easy-on-the-i/image-bank/page/46/
[OK] Saved gardening.png
[OK] Saved gardening-digging.png
[OK] Saved gastroscopy-V3.png
[OK] Saved gate-1.png
[OK] Saved get-in-touch.png
[OK] Saved get-it-right-female.png
[OK] Saved get-it-wrong-female.png
[OK] Saved getting-better.png
[OK] Saved getting-fully-undressed.png
[OK] Saved ghost.png
[OK] Saved gingerbread-man.png
[INFO] Page 47: https://www.learningdisabilityservice-leeds.nhs.uk/easy-on-the-i/image-bank/page/47/
[OK] Saved give-feedback-3.png
[SKIP] give-feedback-3.png already exists
[OK] Saved glass-of-water.png
[OK] Saved go-to-hospital-choking.png
[OK] Saved gobbledegook.png
[OK] Saved going-out.png
[OK] Saved good.png
[OK] Saved good-bye.png
[OK] Saved good-care-V2.png
[OK] Saved good-health.png
[INFO] Page 48: https://www.learningdisabilityservice-leeds.nhs.uk/easy-on-the-i/image-bank/page/48/
[OK] Saved good-information.png
[OK] Saved go-to-bedroom.png
[OK] Saved good-layout.png
[OK] Saved good-staff.png
[OK] Saved good-2.png
[OK] Saved good-3.png
[OK] Saved government.png
[OK] Saved green-space.png
[OK] Saved green-tea.png
[INFO] Page 49: https://www.learningdisabilityservice-leeds.nhs.uk/easy-on-the-i/image-bank/page/49/
[OK] Saved team.png
[OK] Saved group-therapy.png
[OK] Saved group-work.png
[OK] Saved guest-house.png
[OK] Saved guide-dog.png
[OK] Saved gum-shield-V2.png
[OK] Saved gym.png
[OK] Saved gym-equipment.png
[OK] Saved hair-colour.png
[OK] Saved hair-pulling.png
[OK] Saved hairdresser.png
[OK] Saved halloween.png
[OK] Saved hand-blender.png
[OK] Saved hand-with-2-finger.png
[OK] Saved hands.png
[OK] Saved hanukkah.png
[OK] Saved happy.png
[OK] Saved happy-and-sad-memories-woman.png
[OK] Saved happy-V2.png
[OK] Saved happy-V3-1.png
[INFO] Page 50: https://www.learningdisabilityservice-leeds.nhs.uk/easy-on-the-i/image-bank/page/50/
[OK] Saved happy-V4.png
[OK] Saved happy-V5.png
[OK] Saved hard-skin-and-corns-on-foot.png
[OK] Saved hard-to-talk.png
[OK] Saved hard-to-think.png
[OK] Saved having-an-anaesthetic.png
[OK] Saved head-of-nursing-uniform-NON-WARD-STAFF.png
[OK] Saved headache.png
[OK] Saved headache-V2.png
[OK] Saved Health-action-plan.png
[OK] Saved health-check-V3.png
[OK] Saved health-safety.png
[OK] Saved healthy.png
[OK] Saved healthy-and-well.png
[OK] Saved healthy-and-well-V2.png
[OK] Saved healthy-eating.png
[INFO] Page 51: https://www.learningdisabilityservice-leeds.nhs.uk/easy-on-the-i/image-bank/page/51/
[OK] Saved healthy-teeth.png
[OK] Saved hear-me-better.png
[OK] Saved hear-my-voice.png
[OK] Saved hearing-aid.png
[OK] Saved hearing-aid-battery.png
[OK] Saved hearing-aid-maintenance.png
[OK] Saved hearing-loop.png
[OK] Saved hearing-test-room.png
[OK] Saved hearing-test-V2.png
[OK] Saved heart.png
[OK] Saved heart-and-veins.png
[OK] Saved heart-and-veins-V2.png
[OK] Saved heart-and-veins-V3.png
[OK] Saved heart-attack.png
[INFO] Page 52: https://www.learningdisabilityservice-leeds.nhs.uk/easy-on-the-i/image-bank/page/52/
[OK] Saved heart-rhythm-on-a-machine.png
[OK] Saved heart-rhythms.png
[OK] Saved heart-rhythms-1.png
[OK] Saved heart-V2.png
[OK] Saved heart-V3.png
[OK] Saved heavy-meal-before-bedtime.png
[OK] Saved heavy-meal-before-bedtime-V2.png
[OK] Saved heel-and-toe-raise-seated.png
[OK] Saved height.png
[OK] Saved helicopter-air-ambulance.png
[OK] Saved helmet.png
[OK] Saved help-to-stop-smoking.png
[OK] Saved help-with-hands.png
[OK] Saved herb-chopper.png
[OK] Saved here-to-help.png
[OK] Saved hernia.png
[OK] Saved hernia-belt.png
[OK] Saved high-or-low-temperatures-with-feet.png
[OK] Saved high-temperature.png
[OK] Saved high-temperature-V2-2.png
[OK] Saved hijab.png
[INFO] Page 53: https://www.learningdisabilityservice-leeds.nhs.uk/easy-on-the-i/image-bank/page/53/
[OK] Saved hindu.png
[OK] Saved hip-adduction-standing.png
[OK] Saved hip-dislocation.png
[OK] Saved hip-replacement.png
[OK] Saved hobbies.png
[OK] Saved hoist.png
[OK] Saved holly.png
[OK] Saved home.png
[OK] Saved home-on-fire.png
[OK] Saved home-V2.png
[OK] Saved hopeless.png
[OK] Saved horse-riding.png
[OK] Saved hospice.png
[INFO] Page 54: https://www.learningdisabilityservice-leeds.nhs.uk/easy-on-the-i/image-bank/page/54/
[OK] Saved hospice-day-centre.png
[OK] Saved hospice-V2.png
[OK] Saved hospital.png
[OK] Saved hospital-bed.png
[OK] Saved hospital-diabetes.png
[OK] Saved hospital-V2.png
[OK] Saved hospital-V3.png
[OK] Saved hospital-were-you-were-born.png
[OK] Saved hot.png
[OK] Saved hotel.png
[OK] Saved housing.png
[OK] Saved how.png
[OK] Saved how-do-you-feel.png
[OK] Saved how-long.png
[INFO] Page 55: https://www.learningdisabilityservice-leeds.nhs.uk/easy-on-the-i/image-bank/page/55/
[OK] Saved how-much-medicine.png
[OK] Saved how-much-pain.png
[OK] Saved how-much-time-given.png
[OK] Saved hurt.png
[OK] Saved hurting-yourself.png
[OK] Saved hurting-yourself-face.png
[OK] Saved hydrotherapy-pool.png
[OK] Saved hydrotherapy-V2.png
[OK] Saved I.D-badge.png
[OK] Saved I.D-badge-NHS.png
[OK] Saved i-dislike.png
[OK] Saved i-dislike-V2.png
[INFO] Page 56: https://www.learningdisabilityservice-leeds.nhs.uk/easy-on-the-i/image-bank/page/56/
[OK] Saved I-feel.png
[OK] Saved i-like.png
[OK] Saved i-like-V2.png
[OK] Saved i-like-V3.png
[OK] Saved idea-3.png
[OK] Saved ideas.png
[OK] Saved ill.png
[OK] Saved ill-V2.png
[OK] Saved images-and-photos.png
[OK] Saved implant-injection.png
[OK] Saved important-to-me.png
[OK] Saved in-bed.png
[OK] Saved in-braille.png
[OK] Saved in-prison.png
[INFO] Page 57: https://www.learningdisabilityservice-leeds.nhs.uk/easy-on-the-i/image-bank/page/57/
[OK] Saved in-prison-V2.png
[OK] Saved included.png
[OK] Saved included-V2.png
[OK] Saved incontinence-pads.png
[OK] Saved incontinent-wet-self.png
[OK] Saved incontinence-pad.png
[OK] Saved independent-living.png
[OK] Saved infection-in-the-knee.png
[OK] Saved information-about-me.png
[OK] Saved Information-blue.png
[OK] Saved information-kept-safe.png
[OK] Saved information-kept-safe-V2.png
[OK] Saved inhaler-V3.png
[OK] Saved injection.png
[OK] Saved injection-baby.png
[OK] Saved injection-baby-V2.png
[OK] Saved injection-V2.png
[INFO] Page 58: https://www.learningdisabilityservice-leeds.nhs.uk/easy-on-the-i/image-bank/page/58/
[OK] Saved intensive-interaction-office.png
[OK] Saved internet.png
[OK] Saved interpreter.png
[OK] Saved interpreter-V2.png
[OK] Saved interview.png
[OK] Saved interview-room.png
[OK] Saved intimate-touching-of-breasts.png
[OK] Saved involvement.png
[OK] Saved involvement-co-worker.png
[OK] Saved involvement-forum.png
[OK] Saved involvement-team.png
[OK] Saved involvement-V2.png
[INFO] Page 59: https://www.learningdisabilityservice-leeds.nhs.uk/easy-on-the-i/image-bank/page/59/
[OK] Saved involvement-V3.png
[OK] Saved iPad.png
[OK] Saved ireland-flag.png
[OK] Saved islam.png
[OK] Saved itching-hands-and-feet.png
[OK] Saved jewish-star.png
[OK] Saved jogging-exercise.png
[OK] Saved joints-and-bones.png
[OK] Saved junior-sister-or-charge-nurse-uniform.png
[OK] Saved K-Y-jelly.png
[INFO] Page 60: https://www.learningdisabilityservice-leeds.nhs.uk/easy-on-the-i/image-bank/page/60/
[OK] Saved keep-it-simple-V2.png
[OK] Saved keep-safe-V2.png
[OK] Saved keep-safe-V3.png
[OK] Saved keeping-clean.png
[OK] Saved keys.png
[OK] Saved keyworker.png
[OK] Saved kicking.png
[OK] Saved kidney-care.png
[OK] Saved kidney-hurts.png
[OK] Saved kidney-reduced-blood-flow.png
[OK] Saved kidney-stones.png
[OK] Saved kidney-under-microscope.png
[OK] Saved kidney-V2.png
[OK] Saved kinds-of-information.png
[OK] Saved kiss.png
[OK] Saved kitchen-cupboard-door.png
[OK] Saved kitchen-V3.png
[OK] Saved knee-aches.png
[INFO] Page 61: https://www.learningdisabilityservice-leeds.nhs.uk/easy-on-the-i/image-bank/page/61/
[OK] Saved knee-brace.png
[OK] Saved knee-flexion-exercise-standing.png
[OK] Saved knee-mobilising-exercise-lying-down.png
[OK] Saved knee-mobilising-exercise-sitting.png
[OK] Saved Kneeling-down-leg-arm-extension-exercise.png
[OK] Saved Kneeling-down-leg-extension-exercise.png
[OK] Saved knickers-down-1.png
[OK] Saved knife.png
[OK] Saved ladle.png
[OK] Saved large-print.png
[OK] Saved lasagne-dish.png
[OK] Saved latex-gloves.png
[OK] Saved law.png
[OK] Saved laying-on-the-bed.-with-no-clothes-on.png
[INFO] Page 62: https://www.learningdisabilityservice-leeds.nhs.uk/easy-on-the-i/image-bank/page/62/
[OK] Saved leaflet.png
[OK] Saved leave-hospital.png
[OK] Saved leave-hospital-V2.png
[OK] Saved leeds-bus.png
[OK] Saved leeds-card.png
[OK] Saved leeds-city-council-transport.png
[OK] Saved leeds-town-hall.png
[OK] Saved left-out.png
[OK] Saved left-out-V2.png
[OK] Saved leg-plaster-cast.png
[OK] Saved leg-ulcer.png
[OK] Saved leg-ulcer-V2.png
[OK] Saved leg-ulcer-V3.png
[OK] Saved leisure-centre-V2.png
[INFO] Page 63: https://www.learningdisabilityservice-leeds.nhs.uk/easy-on-the-i/image-bank/page/63/
[OK] Saved letter.png
[OK] Saved letter-size.png
[OK] Saved letter-size-V2.png
[OK] Saved letter-type.png
[OK] Saved library.png
[OK] Saved lift.png
[OK] Saved lift-arm.png
[OK] Saved lift-someone.png
[OK] Saved lift-V2.png
[OK] Saved light-bulb.png
[OK] Saved lighter.png
[OK] Saved like.png
[OK] Saved like-the-meals.png
[OK] Saved line-spacing.png
[OK] Saved linen-store.png
[OK] Saved lips.png
[OK] Saved liquidising-food.png
[OK] Saved list.png
[OK] Saved listen.png
[INFO] Page 64: https://www.learningdisabilityservice-leeds.nhs.uk/easy-on-the-i/image-bank/page/64/
[OK] Saved listening-to-the-radio.png
[OK] Saved looking-in-your-ears.png
[OK] Saved loss-of-appetite.png
[INFO] Page 65: https://www.learningdisabilityservice-leeds.nhs.uk/easy-on-the-i/image-bank/page/65/
[INFO] Page 66: https://www.learningdisabilityservice-leeds.nhs.uk/easy-on-the-i/image-bank/page/66/
[OK] Saved making-a-fist.png
[INFO] Page 67: https://www.learningdisabilityservice-leeds.nhs.uk/easy-on-the-i/image-bank/page/67/
[OK] Saved measles-2.png
[OK] Saved measles-V2-2.png
[OK] Saved measles-V3-2.png
[INFO] Page 68: https://www.learningdisabilityservice-leeds.nhs.uk/easy-on-the-i/image-bank/page/68/
[INFO] Page 69: https://www.learningdisabilityservice-leeds.nhs.uk/easy-on-the-i/image-bank/page/69/
[INFO] Page 70: https://www.learningdisabilityservice-leeds.nhs.uk/easy-on-the-i/image-bank/page/70/
[OK] Saved multi-sensory.png
[OK] Saved my-care-1.png
[INFO] Page 71: https://www.learningdisabilityservice-leeds.nhs.uk/easy-on-the-i/image-bank/page/71/
[OK] Saved name-calling.png
[OK] Saved needle-in-arm.png
[OK] Saved needle-out-of-arm.png
[OK] Saved new-illness.png
[OK] Saved new-illness-V2.png
[INFO] Page 72: https://www.learningdisabilityservice-leeds.nhs.uk/easy-on-the-i/image-bank/page/72/
[OK] Saved no-drinking.png
[OK] Saved no-eating.png
[INFO] Page 73: https://www.learningdisabilityservice-leeds.nhs.uk/easy-on-the-i/image-bank/page/73/
[OK] Saved no-medication.png
[INFO] Page 74: https://www.learningdisabilityservice-leeds.nhs.uk/easy-on-the-i/image-bank/page/74/
[OK] Saved not-getting-better.png
[INFO] Page 75: https://www.learningdisabilityservice-leeds.nhs.uk/easy-on-the-i/image-bank/page/75/
[OK] Saved on-the-floor.png
[INFO] Page 76: https://www.learningdisabilityservice-leeds.nhs.uk/easy-on-the-i/image-bank/page/76/
[OK] Saved otoscope.png
[INFO] Page 77: https://www.learningdisabilityservice-leeds.nhs.uk/easy-on-the-i/image-bank/page/77/
[INFO] Page 78: https://www.learningdisabilityservice-leeds.nhs.uk/easy-on-the-i/image-bank/page/78/
[INFO] Page 79: https://www.learningdisabilityservice-leeds.nhs.uk/easy-on-the-i/image-bank/page/79/
[INFO] Page 80: https://www.learningdisabilityservice-leeds.nhs.uk/easy-on-the-i/image-bank/page/80/
[INFO] Page 81: https://www.learningdisabilityservice-leeds.nhs.uk/easy-on-the-i/image-bank/page/81/
[OK] Saved phone-999-v2.png
[OK] Saved phone-doctor.png
[OK] Saved phone-your-hospital.png
[INFO] Page 82: https://www.learningdisabilityservice-leeds.nhs.uk/easy-on-the-i/image-bank/page/82/
[OK] Saved physiotherapy-V2.png
[INFO] Page 83: https://www.learningdisabilityservice-leeds.nhs.uk/easy-on-the-i/image-bank/page/83/
[OK] Saved police-ask-for-information.png
[OK] Saved police-will-decide.png
[OK] Saved police-will-decide-V2.png
[INFO] Page 84: https://www.learningdisabilityservice-leeds.nhs.uk/easy-on-the-i/image-bank/page/84/
[OK] Saved precautionary-height.png
[INFO] Page 85: https://www.learningdisabilityservice-leeds.nhs.uk/easy-on-the-i/image-bank/page/85/
[INFO] Page 86: https://www.learningdisabilityservice-leeds.nhs.uk/easy-on-the-i/image-bank/page/86/
[INFO] Page 87: https://www.learningdisabilityservice-leeds.nhs.uk/easy-on-the-i/image-bank/page/87/
[OK] Saved putting-cotton-wool-on-arm.png
[OK] Saved radiator.png
[INFO] Page 88: https://www.learningdisabilityservice-leeds.nhs.uk/easy-on-the-i/image-bank/page/88/
[INFO] Page 89: https://www.learningdisabilityservice-leeds.nhs.uk/easy-on-the-i/image-bank/page/89/
[INFO] Page 90: https://www.learningdisabilityservice-leeds.nhs.uk/easy-on-the-i/image-bank/page/90/
[OK] Saved runny-nose.png
[INFO] Page 91: https://www.learningdisabilityservice-leeds.nhs.uk/easy-on-the-i/image-bank/page/91/
[OK] Saved sandwich.png
[INFO] Page 92: https://www.learningdisabilityservice-leeds.nhs.uk/easy-on-the-i/image-bank/page/92/
[OK] Saved scouts.png
[INFO] Page 93: https://www.learningdisabilityservice-leeds.nhs.uk/easy-on-the-i/image-bank/page/93/
[OK] Saved sensory-room-V3.png
[OK] Saved sepsis.png
[OK] Saved sepsis-V2.png
[INFO] Page 94: https://www.learningdisabilityservice-leeds.nhs.uk/easy-on-the-i/image-bank/page/94/
[INFO] Page 95: https://www.learningdisabilityservice-leeds.nhs.uk/easy-on-the-i/image-bank/page/95/
[INFO] Page 96: https://www.learningdisabilityservice-leeds.nhs.uk/easy-on-the-i/image-bank/page/96/
[OK] Saved skirt-V2.png
[OK] Saved smear-sample-tested.png
[OK] Saved smear-test-sample.png
[OK] Saved smear-test.png
[INFO] Page 97: https://www.learningdisabilityservice-leeds.nhs.uk/easy-on-the-i/image-bank/page/97/
[OK] Saved sore-bottom-1.png
[OK] Saved sore-heel-1.png
[OK] Saved sore-heel-V2-1.png
[OK] Saved sore-on-head-1.png
[INFO] Page 98: https://www.learningdisabilityservice-leeds.nhs.uk/easy-on-the-i/image-bank/page/98/
[OK] Saved spoon.png
[OK] Saved sports-group-V2.png
[INFO] Page 99: https://www.learningdisabilityservice-leeds.nhs.uk/easy-on-the-i/image-bank/page/99/
[INFO] Page 100: https://www.learningdisabilityservice-leeds.nhs.uk/easy-on-the-i/image-bank/page/100/
[OK] Saved sticker-on-chest-legs-and-arms.png
[INFO] Page 101: https://www.learningdisabilityservice-leeds.nhs.uk/easy-on-the-i/image-bank/page/101/
[INFO] Page 102: https://www.learningdisabilityservice-leeds.nhs.uk/easy-on-the-i/image-bank/page/102/
[INFO] Page 103: https://www.learningdisabilityservice-leeds.nhs.uk/easy-on-the-i/image-bank/page/103/
[INFO] Page 104: https://www.learningdisabilityservice-leeds.nhs.uk/easy-on-the-i/image-bank/page/104/
[OK] Saved talk-to-about-my-mental-health.png
[OK] Saved talk-to-your-doctor-V3.png
[OK] Saved talk-to-your-doctor-V4.png
[OK] Saved talk-to-your-doctor-V6.png
[INFO] Page 105: https://www.learningdisabilityservice-leeds.nhs.uk/easy-on-the-i/image-bank/page/105/
[OK] Saved talking-and-listening.png
[OK] Saved teenager-asian.png
[INFO] Page 106: https://www.learningdisabilityservice-leeds.nhs.uk/easy-on-the-i/image-bank/page/106/
[OK] Saved test-hearing.png
[INFO] Page 107: https://www.learningdisabilityservice-leeds.nhs.uk/easy-on-the-i/image-bank/page/107/
[OK] Saved thought-about-hurting-others.png
[OK] Saved tick-yes-to-all-questions.png
[INFO] Page 108: https://www.learningdisabilityservice-leeds.nhs.uk/easy-on-the-i/image-bank/page/108/
[OK] Saved tight-chest.png
[OK] Saved top-off-in-bed.png
[INFO] Page 109: https://www.learningdisabilityservice-leeds.nhs.uk/easy-on-the-i/image-bank/page/109/
[OK] Saved tourniquet.png
[OK] Saved tourniquet-blood-vials.png
[OK] Saved tracker.png
[INFO] Page 110: https://www.learningdisabilityservice-leeds.nhs.uk/easy-on-the-i/image-bank/page/110/
[INFO] Page 111: https://www.learningdisabilityservice-leeds.nhs.uk/easy-on-the-i/image-bank/page/111/
[OK] Saved urgent-advice.png
[OK] Saved vac-dressing-on-knee1-1.png
[INFO] Page 112: https://www.learningdisabilityservice-leeds.nhs.uk/easy-on-the-i/image-bank/page/112/
[INFO] Page 113: https://www.learningdisabilityservice-leeds.nhs.uk/easy-on-the-i/image-bank/page/113/
[OK] Saved walking-aids.png
[INFO] Page 114: https://www.learningdisabilityservice-leeds.nhs.uk/easy-on-the-i/image-bank/page/114/
[OK] Saved watch-TV.png
[OK] Saved way-out.png
[OK] Saved wd-40-oil.png
[OK] Saved weather.png
[OK] Saved website.png
[OK] Saved wednesday.png
[OK] Saved weekly-fire-check.png
[OK] Saved weight.png
[OK] Saved welcome.png
[OK] Saved welcome-V2.png
[OK] Saved well-led.png
[OK] Saved wetwipe.png
[INFO] Page 115: https://www.learningdisabilityservice-leeds.nhs.uk/easy-on-the-i/image-bank/page/115/
[OK] Saved what-do-your-kidneys-do.png
[OK] Saved what-is-accessible-information.png
[OK] Saved what-is-accessible-information-V2.png
[OK] Saved what-to-pay.png
[OK] Saved what-V3.png
[OK] Saved what-V5.png
[OK] Saved whats-is-your-emergency-1-1.png
[OK] Saved whats-is-your-emergency-V2-2.png
[OK] Saved wheelchair.png
[OK] Saved wheelchair-cushion.png
[OK] Saved wheelchair-ramp.png
[OK] Saved when-to-take-medicine.png
[OK] Saved where-to-live.png
[OK] Saved where-to-live-V2.png
[OK] Saved whisk.png
[OK] Saved white-flag.png
[INFO] Page 116: https://www.learningdisabilityservice-leeds.nhs.uk/easy-on-the-i/image-bank/page/116/
[OK] Saved who.png
[OK] Saved who-for.png
[OK] Saved who-for-easy-read.png
[OK] Saved wind.png
[OK] Saved windy.png
[OK] Saved winter.png
[OK] Saved wipe-dry.png
[OK] Saved wiping-bum.png
[OK] Saved witch.png
[OK] Saved wok.png
[OK] Saved woman.png
[OK] Saved women.png
[OK] Saved wooden-box.png
[OK] Saved wooden-spoon.png
[OK] Saved woodwork.png
[OK] Saved words-and-text.png
[OK] Saved words-and-text-V2.png
[OK] Saved work.png
[OK] Saved workforce.png
[OK] Saved working-together-in-Leeds.png
[OK] Saved working-together-2.png
[INFO] Page 117: https://www.learningdisabilityservice-leeds.nhs.uk/easy-on-the-i/image-bank/page/117/
[OK] Saved working-together-3.png
[OK] Saved working-with-others.png
[OK] Saved worried-about-alcohol.png
[OK] Saved worried-about-what-children-1.png
[OK] Saved worried-about-you.png
[OK] Saved worried-children.png
[OK] Saved worried-in-a-hole-you-cant-get-out.png
[OK] Saved worried-V2.png
[OK] Saved wound.png
[OK] Saved wreath.png
[OK] Saved write-a-letter.png
[OK] Saved write-to.png
[OK] Saved writing.png
[OK] Saved x-ray.png
[OK] Saved x-ray-arm.png
[OK] Saved x-ray-chest.png
[OK] Saved x-ray-leg.png
[INFO] Page 118: https://www.learningdisabilityservice-leeds.nhs.uk/easy-on-the-i/image-bank/page/118/
[OK] Saved yes-or-no.png
[OK] Saved yes-2.png
[OK] Saved yorkshire-pudding-tray.png
[OK] Saved your-say.png
[OK] Saved your-views.png
[DONE] Downloaded 893 images to /work/courses/dslab/team4/easyread_project/data/lds
Job finished!
